------------------------------------------------------------------------------------------------------------------------

[2020-10-19 10:06:48 #1 store] 
Database 'C:\Users\Ibon\workspace\upv.if.bets\src\main\resources\bets.temp' is opened by 15036@Ginkas

[2020-10-19 10:06:48 #2 type] 
Type domain.Question is not enhanced.

[2020-10-19 10:06:48 #3 type] 
Type domain.Event is not enhanced.

[2020-10-19 10:06:48 #4 type] 
Type domain.User is not enhanced.

[2020-10-19 10:06:48 #5 type] 
Type domain.Kuota is not enhanced.

[2020-10-19 10:06:48 #6 type] 
Type domain.Admins is not enhanced.

[2020-10-19 10:06:48 #7 type] 
Type domain.Bet is not enhanced.

[2020-10-19 10:06:48 #8 type] 
Type domain.Mugimenduak is not enhanced.

------------------------------------------------------------------------------------------------------------------------

[2020-10-19 10:07:45 #1 store] 
Database 'C:\Users\Ibon\workspace\upv.if.bets\src\main\resources\bets.temp' is opened by 3912@Ginkas

[2020-10-19 10:07:45 #2 type] 
Type domain.Question is not enhanced.

[2020-10-19 10:07:45 #3 type] 
Type domain.Event is not enhanced.

[2020-10-19 10:07:45 #4 type] 
Type domain.User is not enhanced.

[2020-10-19 10:07:45 #5 type] 
Type domain.Kuota is not enhanced.

[2020-10-19 10:07:45 #6 type] 
Type domain.Admins is not enhanced.

[2020-10-19 10:07:45 #7 type] 
Type domain.Bet is not enhanced.

[2020-10-19 10:07:45 #8 type] 
Type domain.Mugimenduak is not enhanced.

------------------------------------------------------------------------------------------------------------------------

[2020-10-19 10:07:59 #1 store] 
Database 'C:\Users\Ibon\workspace\upv.if.bets\src\main\resources\bets.temp' is opened by 5864@Ginkas

[2020-10-19 10:07:59 #2 type] 
Type domain.Question is not enhanced.

[2020-10-19 10:07:59 #3 type] 
Type domain.Event is not enhanced.

[2020-10-19 10:07:59 #4 type] 
Type domain.User is not enhanced.

[2020-10-19 10:07:59 #5 type] 
Type domain.Kuota is not enhanced.

[2020-10-19 10:07:59 #6 type] 
Type domain.Admins is not enhanced.

[2020-10-19 10:07:59 #7 type] 
Type domain.Bet is not enhanced.

[2020-10-19 10:07:59 #8 type] 
Type domain.Mugimenduak is not enhanced.

------------------------------------------------------------------------------------------------------------------------

[2020-10-19 10:08:22 #1 store] 
Database 'C:\Users\Ibon\workspace\upv.if.bets\src\main\resources\bets.temp' is opened by 16552@Ginkas

[2020-10-19 10:08:23 #2 type] 
Type domain.Question is not enhanced.

[2020-10-19 10:08:23 #3 type] 
Type domain.Event is not enhanced.

[2020-10-19 10:08:23 #4 type] 
Type domain.User is not enhanced.

[2020-10-19 10:08:23 #5 type] 
Type domain.Kuota is not enhanced.

[2020-10-19 10:08:23 #6 type] 
Type domain.Admins is not enhanced.

[2020-10-19 10:08:23 #7 type] 
Type domain.Bet is not enhanced.

[2020-10-19 10:08:23 #8 type] 
Type domain.Mugimenduak is not enhanced.

------------------------------------------------------------------------------------------------------------------------

[2020-10-19 10:09:01 #1 store] 
Database 'C:\Users\Ibon\workspace\upv.if.bets\src\main\resources\bets.temp' is opened by 18316@Ginkas

[2020-10-19 10:09:01 #2 type] 
Type domain.Question is not enhanced.

[2020-10-19 10:09:01 #3 type] 
Type domain.Event is not enhanced.

[2020-10-19 10:09:01 #4 type] 
Type domain.User is not enhanced.

[2020-10-19 10:09:01 #5 type] 
Type domain.Kuota is not enhanced.

[2020-10-19 10:09:01 #6 type] 
Type domain.Admins is not enhanced.

[2020-10-19 10:09:01 #7 type] 
Type domain.Bet is not enhanced.

[2020-10-19 10:09:01 #8 type] 
Type domain.Mugimenduak is not enhanced.

------------------------------------------------------------------------------------------------------------------------

[2020-10-19 10:13:25 #1 store] 
Database 'C:\Users\Ibon\workspace\upv.if.bets\src\main\resources\bets.temp' is opened by 2460@Ginkas

[2020-10-19 10:13:25 #2 type] 
Type domain.Question is not enhanced.

[2020-10-19 10:13:25 #3 type] 
Type domain.Event is not enhanced.

[2020-10-19 10:13:25 #4 type] 
Type domain.User is not enhanced.

[2020-10-19 10:13:25 #5 type] 
Type domain.Kuota is not enhanced.

[2020-10-19 10:13:25 #6 type] 
Type domain.Admins is not enhanced.

[2020-10-19 10:13:25 #7 type] 
Type domain.Bet is not enhanced.

[2020-10-19 10:13:25 #8 type] 
Type domain.Mugimenduak is not enhanced.

------------------------------------------------------------------------------------------------------------------------

[2020-10-19 10:14:02 #1 store] 
Database 'C:\Users\Ibon\workspace\upv.if.bets\src\main\resources\bets.temp' is opened by 840@Ginkas

[2020-10-19 10:14:02 #2 type] 
Type domain.Question is not enhanced.

[2020-10-19 10:14:02 #3 type] 
Type domain.Event is not enhanced.

[2020-10-19 10:14:02 #4 type] 
Type domain.User is not enhanced.

[2020-10-19 10:14:02 #5 type] 
Type domain.Kuota is not enhanced.

[2020-10-19 10:14:02 #6 type] 
Type domain.Admins is not enhanced.

[2020-10-19 10:14:02 #7 type] 
Type domain.Bet is not enhanced.

[2020-10-19 10:14:02 #8 type] 
Type domain.Mugimenduak is not enhanced.

------------------------------------------------------------------------------------------------------------------------

[2020-10-19 10:15:47 #1 store] 
Database 'C:\Users\Ibon\workspace\upv.if.bets\src\main\resources\bets.temp' is opened by 8172@Ginkas

[2020-10-19 10:15:48 #2 type] 
Type domain.Question is not enhanced.

[2020-10-19 10:15:48 #3 type] 
Type domain.Event is not enhanced.

[2020-10-19 10:15:48 #4 type] 
Type domain.User is not enhanced.

[2020-10-19 10:15:48 #5 type] 
Type domain.Kuota is not enhanced.

[2020-10-19 10:15:48 #6 type] 
Type domain.Admins is not enhanced.

[2020-10-19 10:15:48 #7 type] 
Type domain.Bet is not enhanced.

[2020-10-19 10:15:48 #8 type] 
Type domain.Mugimenduak is not enhanced.

------------------------------------------------------------------------------------------------------------------------

[2020-10-19 13:15:06 #1 store] 
Database 'C:\Users\Ibon\workspace\upv.if.bets\src\main\resources\bets.temp' is opened by 18832@Ginkas

[2020-10-19 13:15:06 #2 type] 
Type domain.Question is not enhanced.

[2020-10-19 13:15:06 #3 type] 
Type domain.Event is not enhanced.

[2020-10-19 13:15:06 #4 type] 
Type domain.User is not enhanced.

[2020-10-19 13:15:06 #5 type] 
Type domain.Kuota is not enhanced.

[2020-10-19 13:15:06 #6 type] 
Type domain.Admins is not enhanced.

[2020-10-19 13:15:06 #7 type] 
Type domain.Bet is not enhanced.

[2020-10-19 13:15:06 #8 type] 
Type domain.Mugimenduak is not enhanced.

------------------------------------------------------------------------------------------------------------------------

[2020-10-19 17:36:18 #1 store] 
Database 'C:\Users\Ibon\workspace\upv.if.bets\src\main\resources\bets.temp' is opened by 14368@Ginkas

[2020-10-19 17:36:18 #2 type] 
Type domain.Question is not enhanced.

[2020-10-19 17:36:18 #3 type] 
Type domain.Event is not enhanced.

[2020-10-19 17:36:18 #4 type] 
Type domain.User is not enhanced.

[2020-10-19 17:36:18 #5 type] 
Type domain.Kuota is not enhanced.

[2020-10-19 17:36:18 #6 type] 
Type domain.Admins is not enhanced.

[2020-10-19 17:36:18 #7 type] 
Type domain.Bet is not enhanced.

[2020-10-19 17:36:18 #8 type] 
Type domain.Mugimenduak is not enhanced.

------------------------------------------------------------------------------------------------------------------------

[2020-10-19 18:02:09 #1 store] 
Database 'C:\Users\Ibon\workspace\upv.if.bets\src\main\resources\bets.temp' is opened by 6312@Ginkas

[2020-10-19 18:02:09 #2 type] 
Type domain.Question is not enhanced.

[2020-10-19 18:02:09 #3 type] 
Type domain.Event is not enhanced.

[2020-10-19 18:02:09 #4 type] 
Type domain.User is not enhanced.

[2020-10-19 18:02:09 #5 type] 
Type domain.Kuota is not enhanced.

[2020-10-19 18:02:09 #6 type] 
Type domain.Admins is not enhanced.

[2020-10-19 18:02:09 #7 type] 
Type domain.Bet is not enhanced.

[2020-10-19 18:02:09 #8 type] 
Type domain.Mugimenduak is not enhanced.

------------------------------------------------------------------------------------------------------------------------

[2020-10-19 18:02:15 #1 store] 
Database 'C:\Users\Ibon\workspace\upv.if.bets\src\main\resources\bets.temp' is opened by 10948@Ginkas

[2020-10-19 18:02:15 #2 type] 
Type domain.Question is not enhanced.

[2020-10-19 18:02:15 #3 type] 
Type domain.Event is not enhanced.

[2020-10-19 18:02:15 #4 type] 
Type domain.User is not enhanced.

[2020-10-19 18:02:15 #5 type] 
Type domain.Kuota is not enhanced.

[2020-10-19 18:02:15 #6 type] 
Type domain.Admins is not enhanced.

[2020-10-19 18:02:15 #7 type] 
Type domain.Bet is not enhanced.

[2020-10-19 18:02:15 #8 type] 
Type domain.Mugimenduak is not enhanced.

------------------------------------------------------------------------------------------------------------------------

[2020-10-19 20:17:33 #1 store] 
Database 'C:\Users\Ibon\workspace\upv.if.bets\src\main\resources\bets.temp' has been recovered (tr. 10858-10869)

[2020-10-19 20:17:33 #2 store] 
Database 'C:\Users\Ibon\workspace\upv.if.bets\src\main\resources\bets.temp' is opened by 14772@Ginkas

[2020-10-19 20:17:33 #3 type] 
Type domain.Question is not enhanced.

[2020-10-19 20:17:33 #4 type] 
Type domain.Event is not enhanced.

[2020-10-19 20:17:33 #5 type] 
Type domain.User is not enhanced.

[2020-10-19 20:17:33 #6 type] 
Type domain.Kuota is not enhanced.

[2020-10-19 20:17:33 #7 type] 
Type domain.Admins is not enhanced.

[2020-10-19 20:17:33 #8 type] 
Type domain.Bet is not enhanced.

[2020-10-19 20:17:33 #9 type] 
Type domain.Mugimenduak is not enhanced.

